Arguments: 
  /opt/homebrew/Cellar/node/19.3.0/bin/node /opt/homebrew/bin/yarn init

PATH: 
  /Users/kimdonghyun/Library/Android/sdk/platform-tools:/Users/kimdonghyun/.rbenv/shims:/Users/kimdonghyun/.rbenv/bin:/opt/homebrew/bin:/usr/local/bin:/System/Cryptexes/App/usr/bin:/usr/bin:/bin:/usr/sbin:/sbin:/Library/Apple/usr/bin:/Users/kimdonghyun/.rbenv/shims:/Users/kimdonghyun/.rbenv/bin:/opt/homebrew/bin

Yarn version: 
  1.22.19

Node version: 
  19.3.0

Platform: 
  darwin arm64

Trace: 
  Error: canceled
      at Interface.<anonymous> (/opt/homebrew/lib/node_modules/yarn/lib/cli.js:137150:13)
      at Interface.emit (node:events:513:28)
      at [_ttyWrite] [as _ttyWrite] (node:internal/readline/interface:1131:18)
      at ReadStream.onkeypress (node:internal/readline/interface:271:20)
      at ReadStream.emit (node:events:513:28)
      at emitKeys (node:internal/readline/utils:357:14)
      at emitKeys.next (<anonymous>)
      at ReadStream.onData (node:internal/readline/emitKeypressEvents:64:36)
      at ReadStream.emit (node:events:513:28)
      at addChunk (node:internal/streams/readable:324:12)

npm manifest: 
  {
    "name": "scraping",
    "version": "1.0.0",
    "description": "",
    "main": "index.js",
    "scripts": {
      "test": "echo \"Error: no test specified\" && exit 1",
      "dev": "nodemon --exec node -r  ts-node/register -r dotenv/config --loader ts-paths-esm-loader --experimental-specifier-resolution=node ./src/app.ts",
      "build": "NODE_ENV=production tsc --project tsconfig.json --diagnostics -p tsconfig.json"
    },
    "type": "module",
    "author": "",
    "license": "ISC",
    "dependencies": {
      "axios": "^1.1.2",
      "cheerio": "^1.0.0-rc.12",
      "dotenv": "^16.0.3",
      "fs": "^0.0.1-security",
      "htmlparser2": "^8.0.1",
      "http": "^0.0.1-security",
      "joi": "^17.7.0",
      "koa": "^2.13.4",
      "koa-bodyparser": "^4.3.0",
      "koa-cors": "^0.0.16",
      "koa-helmet": "^6.1.0",
      "koa-json": "^2.0.2",
      "koa-router": "^12.0.0",
      "mysql2": "^2.3.3",
      "node-fetch": "^3.2.10",
      "nodemon": "^2.0.20",
      "path": "^0.12.7",
      "ts-node": "^10.9.1",
      "ts-paths-esm-loader": "^1.3.1",
      "typescript": "^4.8.4",
      "winston": "^3.8.2",
      "winston-daily-rotate": "^0.0.1",
      "winston-daily-rotate-file": "^4.7.1",
      "xlsx": "^0.18.5"
    },
    "devDependencies": {
      "@types/koa": "^2.13.5",
      "@types/koa-bodyparser": "^4.3.10",
      "@types/koa-cors": "^0.0.2",
      "@types/koa-json": "^2.0.20",
      "@types/koa-router": "^7.4.4",
      "@types/node": "^18.8.4"
    }
  }

yarn manifest: 
  No manifest

Lockfile: 
  No lockfile
